C:\USERS\ADMINISTRATOR\DESKTOP\JSON2LUA\JSON2LUA\JSON2LUA\DEBUG\MAIN.OBJ
C:\USERS\ADMINISTRATOR\DESKTOP\JSON2LUA\JSON2LUA\JSON2LUA\DEBUG\DBMGR.OBJ
C:\USERS\ADMINISTRATOR\DESKTOP\JSON2LUA\JSON2LUA\JSON2LUA\DEBUG\VC110.PDB
C:\USERS\ADMINISTRATOR\DESKTOP\JSON2LUA\JSON2LUA\DEBUG\JSON2LUA.ILK
C:\USERS\ADMINISTRATOR\DESKTOP\JSON2LUA\JSON2LUA\DEBUG\JSON2LUA.EXE
C:\USERS\ADMINISTRATOR\DESKTOP\JSON2LUA\JSON2LUA\DEBUG\JSON2LUA.PDB
C:\Users\Administrator\Desktop\json2lua\json2lua\json2lua\Debug\DBMgr.obj
C:\Users\Administrator\Desktop\json2lua\json2lua\json2lua\Debug\main.obj
C:\Users\Administrator\Desktop\json2lua\json2lua\json2lua\Debug\cl.command.1.tlog
C:\Users\Administrator\Desktop\json2lua\json2lua\json2lua\Debug\CL.read.1.tlog
C:\Users\Administrator\Desktop\json2lua\json2lua\json2lua\Debug\CL.write.1.tlog
C:\Users\Administrator\Desktop\json2lua\json2lua\json2lua\Debug\link-cvtres.read.1.tlog
C:\Users\Administrator\Desktop\json2lua\json2lua\json2lua\Debug\link-cvtres.write.1.tlog
C:\Users\Administrator\Desktop\json2lua\json2lua\json2lua\Debug\link-rc.read.1.tlog
C:\Users\Administrator\Desktop\json2lua\json2lua\json2lua\Debug\link-rc.write.1.tlog
C:\Users\Administrator\Desktop\json2lua\json2lua\json2lua\Debug\link.10244-cvtres.read.1.tlog
C:\Users\Administrator\Desktop\json2lua\json2lua\json2lua\Debug\link.10244-cvtres.write.1.tlog
C:\Users\Administrator\Desktop\json2lua\json2lua\json2lua\Debug\link.10244-rc.read.1.tlog
C:\Users\Administrator\Desktop\json2lua\json2lua\json2lua\Debug\link.10244-rc.write.1.tlog
C:\Users\Administrator\Desktop\json2lua\json2lua\json2lua\Debug\link.10244.read.1.tlog
C:\Users\Administrator\Desktop\json2lua\json2lua\json2lua\Debug\link.10244.write.1.tlog
C:\Users\Administrator\Desktop\json2lua\json2lua\json2lua\Debug\link.10276-cvtres.read.1.tlog
C:\Users\Administrator\Desktop\json2lua\json2lua\json2lua\Debug\link.10276-cvtres.write.1.tlog
C:\Users\Administrator\Desktop\json2lua\json2lua\json2lua\Debug\link.10276-rc.read.1.tlog
C:\Users\Administrator\Desktop\json2lua\json2lua\json2lua\Debug\link.10276-rc.write.1.tlog
C:\Users\Administrator\Desktop\json2lua\json2lua\json2lua\Debug\link.10276.read.1.tlog
C:\Users\Administrator\Desktop\json2lua\json2lua\json2lua\Debug\link.10276.write.1.tlog
C:\Users\Administrator\Desktop\json2lua\json2lua\json2lua\Debug\link.10356-cvtres.read.1.tlog
C:\Users\Administrator\Desktop\json2lua\json2lua\json2lua\Debug\link.10356-cvtres.write.1.tlog
C:\Users\Administrator\Desktop\json2lua\json2lua\json2lua\Debug\link.10356-rc.read.1.tlog
C:\Users\Administrator\Desktop\json2lua\json2lua\json2lua\Debug\link.10356-rc.write.1.tlog
C:\Users\Administrator\Desktop\json2lua\json2lua\json2lua\Debug\link.10356.read.1.tlog
C:\Users\Administrator\Desktop\json2lua\json2lua\json2lua\Debug\link.10356.write.1.tlog
C:\Users\Administrator\Desktop\json2lua\json2lua\json2lua\Debug\link.10496-cvtres.read.1.tlog
C:\Users\Administrator\Desktop\json2lua\json2lua\json2lua\Debug\link.10496-cvtres.write.1.tlog
C:\Users\Administrator\Desktop\json2lua\json2lua\json2lua\Debug\link.10496-rc.read.1.tlog
C:\Users\Administrator\Desktop\json2lua\json2lua\json2lua\Debug\link.10496-rc.write.1.tlog
C:\Users\Administrator\Desktop\json2lua\json2lua\json2lua\Debug\link.10496.read.1.tlog
C:\Users\Administrator\Desktop\json2lua\json2lua\json2lua\Debug\link.10496.write.1.tlog
C:\Users\Administrator\Desktop\json2lua\json2lua\json2lua\Debug\link.1092-cvtres.read.1.tlog
C:\Users\Administrator\Desktop\json2lua\json2lua\json2lua\Debug\link.1092-cvtres.write.1.tlog
C:\Users\Administrator\Desktop\json2lua\json2lua\json2lua\Debug\link.1092-rc.read.1.tlog
C:\Users\Administrator\Desktop\json2lua\json2lua\json2lua\Debug\link.1092-rc.write.1.tlog
C:\Users\Administrator\Desktop\json2lua\json2lua\json2lua\Debug\link.1092.read.1.tlog
C:\Users\Administrator\Desktop\json2lua\json2lua\json2lua\Debug\link.1092.write.1.tlog
C:\Users\Administrator\Desktop\json2lua\json2lua\json2lua\Debug\link.11020-cvtres.read.1.tlog
C:\Users\Administrator\Desktop\json2lua\json2lua\json2lua\Debug\link.11020-cvtres.write.1.tlog
C:\Users\Administrator\Desktop\json2lua\json2lua\json2lua\Debug\link.11020-rc.read.1.tlog
C:\Users\Administrator\Desktop\json2lua\json2lua\json2lua\Debug\link.11020-rc.write.1.tlog
C:\Users\Administrator\Desktop\json2lua\json2lua\json2lua\Debug\link.11020.read.1.tlog
C:\Users\Administrator\Desktop\json2lua\json2lua\json2lua\Debug\link.11020.write.1.tlog
C:\Users\Administrator\Desktop\json2lua\json2lua\json2lua\Debug\link.11076-cvtres.read.1.tlog
C:\Users\Administrator\Desktop\json2lua\json2lua\json2lua\Debug\link.11076-cvtres.write.1.tlog
C:\Users\Administrator\Desktop\json2lua\json2lua\json2lua\Debug\link.11076-rc.read.1.tlog
C:\Users\Administrator\Desktop\json2lua\json2lua\json2lua\Debug\link.11076-rc.write.1.tlog
C:\Users\Administrator\Desktop\json2lua\json2lua\json2lua\Debug\link.11076.read.1.tlog
C:\Users\Administrator\Desktop\json2lua\json2lua\json2lua\Debug\link.11076.write.1.tlog
C:\Users\Administrator\Desktop\json2lua\json2lua\json2lua\Debug\link.11084-cvtres.read.1.tlog
C:\Users\Administrator\Desktop\json2lua\json2lua\json2lua\Debug\link.11084-cvtres.write.1.tlog
C:\Users\Administrator\Desktop\json2lua\json2lua\json2lua\Debug\link.11084-rc.read.1.tlog
C:\Users\Administrator\Desktop\json2lua\json2lua\json2lua\Debug\link.11084-rc.write.1.tlog
C:\Users\Administrator\Desktop\json2lua\json2lua\json2lua\Debug\link.11084.read.1.tlog
C:\Users\Administrator\Desktop\json2lua\json2lua\json2lua\Debug\link.11084.write.1.tlog
C:\Users\Administrator\Desktop\json2lua\json2lua\json2lua\Debug\link.11168-cvtres.read.1.tlog
C:\Users\Administrator\Desktop\json2lua\json2lua\json2lua\Debug\link.11168-cvtres.write.1.tlog
C:\Users\Administrator\Desktop\json2lua\json2lua\json2lua\Debug\link.11168-rc.read.1.tlog
C:\Users\Administrator\Desktop\json2lua\json2lua\json2lua\Debug\link.11168-rc.write.1.tlog
C:\Users\Administrator\Desktop\json2lua\json2lua\json2lua\Debug\link.11168.read.1.tlog
C:\Users\Administrator\Desktop\json2lua\json2lua\json2lua\Debug\link.11168.write.1.tlog
C:\Users\Administrator\Desktop\json2lua\json2lua\json2lua\Debug\link.3268-cvtres.read.1.tlog
C:\Users\Administrator\Desktop\json2lua\json2lua\json2lua\Debug\link.3268-cvtres.write.1.tlog
C:\Users\Administrator\Desktop\json2lua\json2lua\json2lua\Debug\link.3268-rc.read.1.tlog
C:\Users\Administrator\Desktop\json2lua\json2lua\json2lua\Debug\link.3268-rc.write.1.tlog
C:\Users\Administrator\Desktop\json2lua\json2lua\json2lua\Debug\link.3268.read.1.tlog
C:\Users\Administrator\Desktop\json2lua\json2lua\json2lua\Debug\link.3268.write.1.tlog
C:\Users\Administrator\Desktop\json2lua\json2lua\json2lua\Debug\link.4048-cvtres.read.1.tlog
C:\Users\Administrator\Desktop\json2lua\json2lua\json2lua\Debug\link.4048-cvtres.write.1.tlog
C:\Users\Administrator\Desktop\json2lua\json2lua\json2lua\Debug\link.4048-rc.read.1.tlog
C:\Users\Administrator\Desktop\json2lua\json2lua\json2lua\Debug\link.4048-rc.write.1.tlog
C:\Users\Administrator\Desktop\json2lua\json2lua\json2lua\Debug\link.4048.read.1.tlog
C:\Users\Administrator\Desktop\json2lua\json2lua\json2lua\Debug\link.4048.write.1.tlog
C:\Users\Administrator\Desktop\json2lua\json2lua\json2lua\Debug\link.4228-cvtres.read.1.tlog
C:\Users\Administrator\Desktop\json2lua\json2lua\json2lua\Debug\link.4228-cvtres.write.1.tlog
C:\Users\Administrator\Desktop\json2lua\json2lua\json2lua\Debug\link.4228-rc.read.1.tlog
C:\Users\Administrator\Desktop\json2lua\json2lua\json2lua\Debug\link.4228-rc.write.1.tlog
C:\Users\Administrator\Desktop\json2lua\json2lua\json2lua\Debug\link.4228.read.1.tlog
C:\Users\Administrator\Desktop\json2lua\json2lua\json2lua\Debug\link.4228.write.1.tlog
C:\Users\Administrator\Desktop\json2lua\json2lua\json2lua\Debug\link.5944-cvtres.read.1.tlog
C:\Users\Administrator\Desktop\json2lua\json2lua\json2lua\Debug\link.5944-cvtres.write.1.tlog
C:\Users\Administrator\Desktop\json2lua\json2lua\json2lua\Debug\link.5944-rc.read.1.tlog
C:\Users\Administrator\Desktop\json2lua\json2lua\json2lua\Debug\link.5944-rc.write.1.tlog
C:\Users\Administrator\Desktop\json2lua\json2lua\json2lua\Debug\link.5944.read.1.tlog
C:\Users\Administrator\Desktop\json2lua\json2lua\json2lua\Debug\link.5944.write.1.tlog
C:\Users\Administrator\Desktop\json2lua\json2lua\json2lua\Debug\link.6120-cvtres.read.1.tlog
C:\Users\Administrator\Desktop\json2lua\json2lua\json2lua\Debug\link.6120-cvtres.write.1.tlog
C:\Users\Administrator\Desktop\json2lua\json2lua\json2lua\Debug\link.6120-rc.read.1.tlog
C:\Users\Administrator\Desktop\json2lua\json2lua\json2lua\Debug\link.6120-rc.write.1.tlog
C:\Users\Administrator\Desktop\json2lua\json2lua\json2lua\Debug\link.6120.read.1.tlog
C:\Users\Administrator\Desktop\json2lua\json2lua\json2lua\Debug\link.6120.write.1.tlog
C:\Users\Administrator\Desktop\json2lua\json2lua\json2lua\Debug\link.6420-cvtres.read.1.tlog
C:\Users\Administrator\Desktop\json2lua\json2lua\json2lua\Debug\link.6420-cvtres.write.1.tlog
C:\Users\Administrator\Desktop\json2lua\json2lua\json2lua\Debug\link.6420-rc.read.1.tlog
C:\Users\Administrator\Desktop\json2lua\json2lua\json2lua\Debug\link.6420-rc.write.1.tlog
C:\Users\Administrator\Desktop\json2lua\json2lua\json2lua\Debug\link.6420.read.1.tlog
C:\Users\Administrator\Desktop\json2lua\json2lua\json2lua\Debug\link.6420.write.1.tlog
C:\Users\Administrator\Desktop\json2lua\json2lua\json2lua\Debug\link.6536-cvtres.read.1.tlog
C:\Users\Administrator\Desktop\json2lua\json2lua\json2lua\Debug\link.6536-cvtres.write.1.tlog
C:\Users\Administrator\Desktop\json2lua\json2lua\json2lua\Debug\link.6536-rc.read.1.tlog
C:\Users\Administrator\Desktop\json2lua\json2lua\json2lua\Debug\link.6536-rc.write.1.tlog
C:\Users\Administrator\Desktop\json2lua\json2lua\json2lua\Debug\link.6536.read.1.tlog
C:\Users\Administrator\Desktop\json2lua\json2lua\json2lua\Debug\link.6536.write.1.tlog
C:\Users\Administrator\Desktop\json2lua\json2lua\json2lua\Debug\link.7816-cvtres.read.1.tlog
C:\Users\Administrator\Desktop\json2lua\json2lua\json2lua\Debug\link.7816-cvtres.write.1.tlog
C:\Users\Administrator\Desktop\json2lua\json2lua\json2lua\Debug\link.7816-rc.read.1.tlog
C:\Users\Administrator\Desktop\json2lua\json2lua\json2lua\Debug\link.7816-rc.write.1.tlog
C:\Users\Administrator\Desktop\json2lua\json2lua\json2lua\Debug\link.7816.read.1.tlog
C:\Users\Administrator\Desktop\json2lua\json2lua\json2lua\Debug\link.7816.write.1.tlog
C:\Users\Administrator\Desktop\json2lua\json2lua\json2lua\Debug\link.8164-cvtres.read.1.tlog
C:\Users\Administrator\Desktop\json2lua\json2lua\json2lua\Debug\link.8164-cvtres.write.1.tlog
C:\Users\Administrator\Desktop\json2lua\json2lua\json2lua\Debug\link.8164-rc.read.1.tlog
C:\Users\Administrator\Desktop\json2lua\json2lua\json2lua\Debug\link.8164-rc.write.1.tlog
C:\Users\Administrator\Desktop\json2lua\json2lua\json2lua\Debug\link.8164.read.1.tlog
C:\Users\Administrator\Desktop\json2lua\json2lua\json2lua\Debug\link.8164.write.1.tlog
C:\Users\Administrator\Desktop\json2lua\json2lua\json2lua\Debug\link.8356-cvtres.read.1.tlog
C:\Users\Administrator\Desktop\json2lua\json2lua\json2lua\Debug\link.8356-cvtres.write.1.tlog
C:\Users\Administrator\Desktop\json2lua\json2lua\json2lua\Debug\link.8356-rc.read.1.tlog
C:\Users\Administrator\Desktop\json2lua\json2lua\json2lua\Debug\link.8356-rc.write.1.tlog
C:\Users\Administrator\Desktop\json2lua\json2lua\json2lua\Debug\link.8356.read.1.tlog
C:\Users\Administrator\Desktop\json2lua\json2lua\json2lua\Debug\link.8356.write.1.tlog
C:\Users\Administrator\Desktop\json2lua\json2lua\json2lua\Debug\link.8584-cvtres.read.1.tlog
C:\Users\Administrator\Desktop\json2lua\json2lua\json2lua\Debug\link.8584-cvtres.write.1.tlog
C:\Users\Administrator\Desktop\json2lua\json2lua\json2lua\Debug\link.8584-rc.read.1.tlog
C:\Users\Administrator\Desktop\json2lua\json2lua\json2lua\Debug\link.8584-rc.write.1.tlog
C:\Users\Administrator\Desktop\json2lua\json2lua\json2lua\Debug\link.8584.read.1.tlog
C:\Users\Administrator\Desktop\json2lua\json2lua\json2lua\Debug\link.8584.write.1.tlog
C:\Users\Administrator\Desktop\json2lua\json2lua\json2lua\Debug\link.9000-cvtres.read.1.tlog
C:\Users\Administrator\Desktop\json2lua\json2lua\json2lua\Debug\link.9000-cvtres.write.1.tlog
C:\Users\Administrator\Desktop\json2lua\json2lua\json2lua\Debug\link.9000-rc.read.1.tlog
C:\Users\Administrator\Desktop\json2lua\json2lua\json2lua\Debug\link.9000-rc.write.1.tlog
C:\Users\Administrator\Desktop\json2lua\json2lua\json2lua\Debug\link.9000.read.1.tlog
C:\Users\Administrator\Desktop\json2lua\json2lua\json2lua\Debug\link.9000.write.1.tlog
C:\Users\Administrator\Desktop\json2lua\json2lua\json2lua\Debug\link.9872-cvtres.read.1.tlog
C:\Users\Administrator\Desktop\json2lua\json2lua\json2lua\Debug\link.9872-cvtres.write.1.tlog
C:\Users\Administrator\Desktop\json2lua\json2lua\json2lua\Debug\link.9872-rc.read.1.tlog
C:\Users\Administrator\Desktop\json2lua\json2lua\json2lua\Debug\link.9872-rc.write.1.tlog
C:\Users\Administrator\Desktop\json2lua\json2lua\json2lua\Debug\link.9872.read.1.tlog
C:\Users\Administrator\Desktop\json2lua\json2lua\json2lua\Debug\link.9872.write.1.tlog
C:\Users\Administrator\Desktop\json2lua\json2lua\json2lua\Debug\link.command.1.tlog
C:\Users\Administrator\Desktop\json2lua\json2lua\json2lua\Debug\link.read.1.tlog
C:\Users\Administrator\Desktop\json2lua\json2lua\json2lua\Debug\link.write.1.tlog
C:\Users\Administrator\Desktop\json2lua\json2lua\json2lua\Debug\vc110.idb
C:\Users\Administrator\Desktop\json2lua\json2lua\json2lua\Debug\vc110.pdb
C:\Users\Administrator\Desktop\json2lua\json2lua\Debug\json2lua.pdb
C:\Users\Administrator\Desktop\json2lua\json2lua\Debug\json2lua.exe
C:\Users\Administrator\Desktop\json2lua\json2lua\Debug\json2lua.ilk
